\BOOKMARK [1][-]{section.1}{\376\377\000M\000a\000t\000h\000e\000m\000a\000t\000i\000c\000a\000l\000\040\000F\000o\000u\000n\000d\000a\000t\000i\000o\000n\000s}{}% 1
\BOOKMARK [2][-]{subsection.1.1}{\376\377\000T\000h\000e\000\040\000N\000o\000r\000m\000e\000d\000\040\000D\000i\000v\000i\000s\000i\000o\000n\000\040\000A\000l\000g\000e\000b\000r\000a\000s}{section.1}% 2
\BOOKMARK [2][-]{subsection.1.2}{\376\377\000O\000c\000t\000o\000n\000i\000o\000n\000i\000c\000\040\000A\000l\000g\000e\000b\000r\000a}{section.1}% 3
\BOOKMARK [2][-]{subsection.1.3}{\376\377\000T\000h\000e\000\040\000A\000u\000t\000o\000m\000o\000r\000p\000h\000i\000s\000m\000\040\000G\000r\000o\000u\000p\000\040\000G\0002}{section.1}% 4
\BOOKMARK [2][-]{subsection.1.4}{\376\377\000T\000h\000e\000\040\000F\000a\000n\000o\000\040\000P\000l\000a\000n\000e\000\040\000a\000s\000\040\000C\000o\000m\000p\000u\000t\000a\000t\000i\000o\000n\000a\000l\000\040\000A\000r\000c\000h\000i\000t\000e\000c\000t\000u\000r\000e}{section.1}% 5
\BOOKMARK [1][-]{section.2}{\376\377\000T\000h\000e\000\040\000R\000e\000v\000e\000r\000s\000i\000b\000i\000l\000i\000t\000y\000\040\000T\000h\000e\000s\000i\000s}{}% 6
\BOOKMARK [2][-]{subsection.2.1}{\376\377\000R\000e\000v\000e\000r\000s\000i\000b\000i\000l\000i\000t\000y\000\040\000a\000s\000\040\000a\000\040\000R\000e\000q\000u\000i\000r\000e\000m\000e\000n\000t\000\040\000f\000o\000r\000\040\000R\000e\000a\000s\000o\000n\000i\000n\000g\000\040\000U\000n\000d\000e\000r\000\040\000U\000n\000c\000e\000r\000t\000a\000i\000n\000t\000y}{section.2}% 7
\BOOKMARK [2][-]{subsection.2.2}{\376\377\000T\000h\000e\000\040\000G\000e\000o\000m\000e\000t\000r\000y\000\040\000o\000f\000\040\000A\000b\000s\000e\000n\000c\000e}{section.2}% 8
\BOOKMARK [2][-]{subsection.2.3}{\376\377\000C\000o\000n\000n\000e\000c\000t\000i\000o\000n\000\040\000t\000o\000\040\000E\000x\000i\000s\000t\000i\000n\000g\000\040\000W\000o\000r\000k}{section.2}% 9
\BOOKMARK [1][-]{section.3}{\376\377\000T\000h\000e\000\040\000D\000e\000n\000s\000i\000t\000y\000\040\000A\000r\000g\000u\000m\000e\000n\000t}{}% 10
\BOOKMARK [2][-]{subsection.3.1}{\376\377\000R\000e\000p\000r\000e\000s\000e\000n\000t\000a\000t\000i\000o\000n\000a\000l\000\040\000D\000e\000n\000s\000i\000t\000y\000\040\000D\000e\000f\000i\000n\000e\000d}{section.3}% 11
\BOOKMARK [2][-]{subsection.3.2}{\376\377\000T\000h\000e\000\040\000S\000e\000d\000e\000n\000i\000o\000n\000\040\000B\000o\000u\000n\000d\000a\000r\000y}{section.3}% 12
\BOOKMARK [2][-]{subsection.3.3}{\376\377\000D\000e\000n\000s\000i\000t\000y\000\040\000v\000s\000.\000\040\000C\000a\000p\000a\000c\000i\000t\000y}{section.3}% 13
\BOOKMARK [1][-]{section.4}{\376\377\000A\000r\000c\000h\000i\000t\000e\000c\000t\000u\000r\000e\000:\000\040\000T\000h\000e\000\040\000O\000c\000t\000o\000n\000i\000o\000n\000i\000c\000\040\000R\000e\000a\000s\000o\000n\000i\000n\000g\000\040\000E\000n\000g\000i\000n\000e\000\040\000\050\000O\000R\000E\000\051}{}% 14
\BOOKMARK [2][-]{subsection.4.1}{\376\377\000H\000i\000g\000h\000-\000L\000e\000v\000e\000l\000\040\000A\000r\000c\000h\000i\000t\000e\000c\000t\000u\000r\000e}{section.4}% 15
\BOOKMARK [2][-]{subsection.4.2}{\376\377\000T\000h\000e\000\040\000E\000n\000c\000o\000d\000i\000n\000g\000\040\000L\000a\000y\000e\000r\000:\000\040\000L\000e\000a\000r\000n\000e\000d\000\040\000O\000c\000t\000o\000n\000i\000o\000n\000i\000c\000\040\000P\000r\000o\000j\000e\000c\000t\000i\000o\000n}{section.4}% 16
\BOOKMARK [2][-]{subsection.4.3}{\376\377\000T\000h\000e\000\040\000W\000o\000r\000l\000d\000\040\000S\000t\000a\000t\000e\000\040\000M\000a\000n\000i\000f\000o\000l\000d}{section.4}% 17
\BOOKMARK [2][-]{subsection.4.4}{\376\377\000T\000h\000e\000\040\000R\000e\000a\000s\000o\000n\000i\000n\000g\000\040\000L\000a\000y\000e\000r\000:\000\040\000G\000e\000o\000m\000e\000t\000r\000i\000c\000\040\000T\000r\000a\000n\000s\000f\000o\000r\000m\000a\000t\000i\000o\000n\000s}{section.4}% 18
\BOOKMARK [2][-]{subsection.4.5}{\376\377\000M\000u\000l\000t\000i\000-\000S\000t\000r\000e\000a\000m\000\040\000D\000a\000t\000a\000\040\000I\000n\000g\000e\000s\000t\000i\000o\000n}{section.4}% 19
\BOOKMARK [1][-]{section.5}{\376\377\000S\000i\000g\000n\000a\000l\000\040\000D\000i\000s\000c\000o\000v\000e\000r\000y\000\040\000i\000n\000\040\000S\000t\000r\000e\000a\000m\000i\000n\000g\000\040\000D\000a\000t\000a}{}% 20
\BOOKMARK [2][-]{subsection.5.1}{\376\377\000T\000h\000e\000\040\000G\000e\000o\000m\000e\000t\000r\000i\000c\000\040\000S\000i\000g\000n\000a\000l\000\040\000H\000y\000p\000o\000t\000h\000e\000s\000i\000s}{section.5}% 21
\BOOKMARK [2][-]{subsection.5.2}{\376\377\000N\000o\000i\000s\000e\000\040\000a\000s\000\040\000G\000e\000o\000m\000e\000t\000r\000i\000c\000\040\000I\000n\000c\000o\000h\000e\000r\000e\000n\000c\000e}{section.5}% 22
\BOOKMARK [2][-]{subsection.5.3}{\376\377\000L\000e\000a\000r\000n\000e\000d\000\040\000D\000i\000m\000e\000n\000s\000i\000o\000n\000a\000l\000\040\000S\000e\000m\000a\000n\000t\000i\000c\000s}{section.5}% 23
\BOOKMARK [1][-]{section.6}{\376\377\000H\000y\000p\000e\000r\000b\000o\000l\000i\000c\000\040\000G\000e\000o\000m\000e\000t\000r\000y\000\040\000o\000f\000\040\000t\000h\000e\000\040\000S\000t\000a\000t\000e\000\040\000S\000p\000a\000c\000e}{}% 24
\BOOKMARK [2][-]{subsection.6.1}{\376\377\000M\000o\000t\000i\000v\000a\000t\000i\000o\000n\000:\000\040\000W\000h\000y\000\040\000F\000l\000a\000t\000\040\000G\000e\000o\000m\000e\000t\000r\000y\000\040\000i\000s\000\040\000I\000n\000s\000u\000f\000f\000i\000c\000i\000e\000n\000t}{section.6}% 25
\BOOKMARK [2][-]{subsection.6.2}{\376\377\000T\000h\000r\000e\000e\000\040\000F\000o\000r\000m\000u\000l\000a\000t\000i\000o\000n\000s}{section.6}% 26
\BOOKMARK [3][-]{subsubsection.6.2.1}{\376\377\000O\000p\000t\000i\000o\000n\000\040\000A\000:\000\040\000P\000o\000i\000n\000c\000a\000r\000\351\000\040\000B\000a\000l\000l\000\040\000i\000n\000\040\000O\000\040\000\050\000P\000r\000a\000g\000m\000a\000t\000i\000c\000\051}{subsection.6.2}% 27
\BOOKMARK [3][-]{subsubsection.6.2.2}{\376\377\000O\000p\000t\000i\000o\000n\000\040\000B\000:\000\040\000H\000y\000p\000e\000r\000b\000o\000l\000o\000i\000d\000\040\000M\000o\000d\000e\000l\000\040\000v\000i\000a\000\040\000S\000p\000l\000i\000t\000\040\000S\000i\000g\000n\000a\000t\000u\000r\000e\000\040\000\050\000S\000e\000l\000e\000c\000t\000e\000d\000\040\000F\000i\000r\000s\000t\000\040\000A\000p\000p\000r\000o\000a\000c\000h\000\051}{subsection.6.2}% 28
\BOOKMARK [3][-]{subsubsection.6.2.3}{\376\377\000O\000p\000t\000i\000o\000n\000\040\000C\000:\000\040\000T\000h\000e\000\040\000O\000c\000t\000o\000n\000i\000o\000n\000i\000c\000\040\000H\000y\000p\000e\000r\000b\000o\000l\000i\000c\000\040\000P\000l\000a\000n\000e\000\040\000O\000H\0002\000\040\000\050\000E\000x\000o\000t\000i\000c\000\051}{subsection.6.2}% 29
\BOOKMARK [2][-]{subsection.6.3}{\376\377\000T\000h\000e\000\040\000H\000y\000b\000r\000i\000d\000\040\000H\000y\000p\000e\000r\000b\000o\000l\000o\000i\000d\000-\000O\000c\000t\000o\000n\000i\000o\000n\000i\000c\000\040\000M\000o\000d\000e\000l}{section.6}% 30
\BOOKMARK [2][-]{subsection.6.4}{\376\377\000W\000h\000a\000t\000\040\000H\000y\000p\000e\000r\000b\000o\000l\000i\000c\000\040\000G\000e\000o\000m\000e\000t\000r\000y\000\040\000C\000o\000n\000t\000r\000i\000b\000u\000t\000e\000s\000\040\000t\000o\000\040\000t\000h\000e\000\040\000A\000r\000c\000h\000i\000t\000e\000c\000t\000u\000r\000e}{section.6}% 31
\BOOKMARK [2][-]{subsection.6.5}{\376\377\000C\000o\000n\000n\000e\000c\000t\000i\000o\000n\000s\000\040\000t\000o\000\040\000E\000x\000c\000e\000p\000t\000i\000o\000n\000a\000l\000\040\000S\000t\000r\000u\000c\000t\000u\000r\000e\000s}{section.6}% 32
\BOOKMARK [1][-]{section.7}{\376\377\000T\000r\000a\000i\000n\000i\000n\000g\000\040\000a\000n\000d\000\040\000O\000p\000t\000i\000m\000i\000z\000a\000t\000i\000o\000n}{}% 33
\BOOKMARK [2][-]{subsection.7.1}{\376\377\000T\000h\000e\000\040\000O\000c\000t\000o\000n\000i\000o\000n\000i\000c\000\040\000G\000r\000a\000d\000i\000e\000n\000t}{section.7}% 34
\BOOKMARK [2][-]{subsection.7.2}{\376\377\000L\000o\000s\000s\000\040\000F\000u\000n\000c\000t\000i\000o\000n\000s\000\040\000f\000o\000r\000\040\000G\000e\000o\000m\000e\000t\000r\000i\000c\000\040\000R\000e\000a\000s\000o\000n\000i\000n\000g}{section.7}% 35
\BOOKMARK [2][-]{subsection.7.3}{\376\377\000G\0002\000-\000E\000q\000u\000i\000v\000a\000r\000i\000a\000n\000t\000\040\000L\000a\000y\000e\000r\000s}{section.7}% 36
\BOOKMARK [1][-]{section.8}{\376\377\000O\000p\000e\000n\000\040\000Q\000u\000e\000s\000t\000i\000o\000n\000s\000\040\000a\000n\000d\000\040\000R\000i\000s\000k\000s}{}% 37
\BOOKMARK [2][-]{subsection.8.1}{\376\377\000O\000p\000t\000i\000m\000i\000z\000a\000t\000i\000o\000n\000\040\000L\000a\000n\000d\000s\000c\000a\000p\000e}{section.8}% 38
\BOOKMARK [2][-]{subsection.8.2}{\376\377\000S\000c\000a\000l\000i\000n\000g\000\040\000B\000e\000h\000a\000v\000i\000o\000r}{section.8}% 39
\BOOKMARK [2][-]{subsection.8.3}{\376\377\000N\000u\000m\000e\000r\000i\000c\000a\000l\000\040\000S\000t\000a\000b\000i\000l\000i\000t\000y}{section.8}% 40
\BOOKMARK [2][-]{subsection.8.4}{\376\377\000T\000h\000e\000\040\000`\000`\000W\000h\000y\000\040\000N\000o\000t\000\040\000R\0008\000?\000'\000'\000\040\000C\000h\000a\000l\000l\000e\000n\000g\000e}{section.8}% 41
\BOOKMARK [2][-]{subsection.8.5}{\376\377\000T\000h\000e\000\040\000N\000o\000n\000-\000A\000s\000s\000o\000c\000i\000a\000t\000i\000v\000i\000t\000y\000\040\000T\000r\000a\000d\000e\000-\000o\000f\000f}{section.8}% 42
\BOOKMARK [2][-]{subsection.8.6}{\376\377\000G\000r\000o\000u\000n\000d\000i\000n\000g\000\040\000t\000h\000e\000\040\000G\000e\000o\000m\000e\000t\000r\000y\000\040\000o\000f\000\040\000A\000b\000s\000e\000n\000c\000e}{section.8}% 43
\BOOKMARK [2][-]{subsection.8.7}{\376\377\000T\000h\000e\000\040\000H\000y\000p\000e\000r\000b\000o\000l\000o\000i\000d\000\040\000P\000r\000o\000j\000e\000c\000t\000i\000o\000n\000\040\000P\000r\000o\000b\000l\000e\000m}{section.8}% 44
\BOOKMARK [2][-]{subsection.8.8}{\376\377\000N\000u\000m\000e\000r\000i\000c\000a\000l\000\040\000S\000t\000a\000b\000i\000l\000i\000t\000y\000\040\000i\000n\000\040\000H\000y\000p\000e\000r\000b\000o\000l\000i\000c\000\040\000S\000p\000a\000c\000e}{section.8}% 45
\BOOKMARK [1][-]{section.9}{\376\377\000E\000x\000p\000e\000r\000i\000m\000e\000n\000t\000a\000l\000\040\000R\000o\000a\000d\000m\000a\000p}{}% 46
\BOOKMARK [1][-]{section.10}{\376\377\000C\000o\000n\000c\000l\000u\000s\000i\000o\000n}{}% 47
\BOOKMARK [1][-]{appendix.A}{\376\377\000T\000h\000e\000\040\000F\000a\000n\000o\000\040\000P\000l\000a\000n\000e}{}% 48
\BOOKMARK [1][-]{appendix.B}{\376\377\000G\0002\000\040\000a\000s\000\040\000a\000\040\000S\000u\000b\000g\000r\000o\000u\000p\000\040\000o\000f\000\040\000S\000O\000\050\0007\000\051}{}% 49
